Using pre-set license
Built from '2020.3/staging' branch; Version is '2020.3.20f1 (41c4e627c95f) revision 4310246'; Using compiler version '192528614'; Build Type 'Release'
OS: 'Windows 10 Pro; OS build 19042.685; Version 2009; 64bit' Language: 'de' Physical Memory: 15926 MB
BatchMode: 1, IsHumanControllingUs: 0, StartBugReporterOnCrash: 0, Is64bit: 1, IsPro: 0

COMMAND LINE ARGUMENTS:
C:\Program Files\Unity\Hub\Editor\2020.3.20f1\Editor\Unity.exe
-adb2
-batchMode
-noUpm
-name
AssetImportWorker0
-projectPath
C:/Users/Florian/Documents/GitHub/AR-Instructions-Unity
-logFile
Logs/AssetImportWorker0.log
-srvPort
64669
Successfully changed project path to: C:/Users/Florian/Documents/GitHub/AR-Instructions-Unity
C:/Users/Florian/Documents/GitHub/AR-Instructions-Unity
Using Asset Import Pipeline V2.
Refreshing native plugins compatible for Editor in 130.55 ms, found 12 plugins.
Preloading 4 native plugins for Editor in 5.85 ms.
Initialize engine version: 2020.3.20f1 (41c4e627c95f)
[Subsystems] Discovering subsystems at path C:/Program Files/Unity/Hub/Editor/2020.3.20f1/Editor/Data/Resources/UnitySubsystems
[Subsystems] Discovering subsystems at path C:/Users/Florian/Documents/GitHub/AR-Instructions-Unity/Assets
GfxDevice: creating device client; threaded=0
Direct3D:
    Version:  Direct3D 11.0 [level 11.1]
    Renderer: NVIDIA GeForce GTX 1650 SUPER (ID=0x2187)
    Vendor:   
    VRAM:     3955 MB
    Driver:   30.0.14.7212
Initialize mono
Mono path[0] = 'C:/Program Files/Unity/Hub/Editor/2020.3.20f1/Editor/Data/Managed'
Mono path[1] = 'C:/Program Files/Unity/Hub/Editor/2020.3.20f1/Editor/Data/MonoBleedingEdge/lib/mono/unityjit'
Mono config path = 'C:/Program Files/Unity/Hub/Editor/2020.3.20f1/Editor/Data/MonoBleedingEdge/etc'
Using monoOptions --debugger-agent=transport=dt_socket,embedding=1,server=y,suspend=n,address=127.0.0.1:56604
Begin MonoManager ReloadAssembly
Registering precompiled unity dll's ...
Register platform support module: C:/Program Files/Unity/Hub/Editor/2020.3.20f1/Editor/Data/PlaybackEngines/WindowsStandaloneSupport/UnityEditor.WindowsStandalone.Extensions.dll
Registered in 0.002003 seconds.
Native extension for WindowsStandalone target not found
Refreshing native plugins compatible for Editor in 88.96 ms, found 12 plugins.
Preloading 4 native plugins for Editor in 0.22 ms.
Mono: successfully reloaded assembly
- Completed reload, in  1.303 seconds
Domain Reload Profiling:
	ReloadAssembly (1303ms)
		BeginReloadAssembly (92ms)
			ExecutionOrderSort (0ms)
			DisableScriptedObjects (0ms)
			BackupInstance (0ms)
			ReleaseScriptingObjects (0ms)
			CreateAndSetChildDomain (1ms)
		EndReloadAssembly (514ms)
			LoadAssemblies (89ms)
			RebuildTransferFunctionScriptingTraits (0ms)
			SetupTypeCache (172ms)
			ReleaseScriptCaches (0ms)
			RebuildScriptCaches (34ms)
			SetupLoadedEditorAssemblies (223ms)
				LogAssemblyErrors (0ms)
				InitializePlatformSupportModulesInManaged (4ms)
				SetLoadedEditorAssemblies (0ms)
				RefreshPlugins (89ms)
				BeforeProcessingInitializeOnLoad (18ms)
				ProcessInitializeOnLoadAttributes (79ms)
				ProcessInitializeOnLoadMethodAttributes (32ms)
				AfterProcessingInitializeOnLoad (0ms)
				EditorAssembliesLoaded (0ms)
			ExecutionOrderSort2 (0ms)
			AwakeInstancesAfterBackupRestoration (0ms)
Platform modules already initialized, skipping
Registering precompiled user dll's ...
Registered in 0.024709 seconds.
Begin MonoManager ReloadAssembly
Native extension for WindowsStandalone target not found
Refreshing native plugins compatible for Editor in 99.29 ms, found 12 plugins.
Preloading 4 native plugins for Editor in 0.25 ms.
System.NullReferenceException: Object reference not set to an instance of an object
  at Vuforia.EditorClasses.ExtensionTypeProvider.GetVuforiaPackageAbsPath () [0x0004a] in <67f168408fbf4fce9c04342c093e9fe7>:0 
  at Vuforia.EditorClasses.ExtensionTypeProvider.IsPackageManager () [0x00000] in <67f168408fbf4fce9c04342c093e9fe7>:0 
  at Vuforia.EditorClasses.ExtensionTypeProvider.ResolvePluginType () [0x00009] in <67f168408fbf4fce9c04342c093e9fe7>:0 
  at Vuforia.EditorClasses.ExtensionTypeProvider.GetPluginType () [0x0000c] in <67f168408fbf4fce9c04342c093e9fe7>:0 
  at Vuforia.EditorClasses.VuforiaUtilities.IsVuforiaEnabledInPlayerSettings () [0x00000] in <67f168408fbf4fce9c04342c093e9fe7>:0 
  at VuforiaEnabledObserver..cctor () [0x00000] in <67f168408fbf4fce9c04342c093e9fe7>:0 
UnityEngine.StackTraceUtility:ExtractStackTrace ()
UnityEngine.DebugLogHandler:LogFormat (UnityEngine.LogType,UnityEngine.Object,string,object[])
UnityEngine.Logger:Log (UnityEngine.LogType,object)
UnityEngine.Debug:LogError (object)
UnityEditor.EditorAssemblies:ProcessInitializeOnLoadAttributes (System.Type[])

System.NullReferenceException: Object reference not set to an instance of an object
  at Vuforia.EditorClasses.ExtensionTypeProvider.GetVuforiaPackageAbsPath () [0x0004a] in <67f168408fbf4fce9c04342c093e9fe7>:0 
  at Vuforia.EditorClasses.ExtensionTypeProvider.IsPackageManager () [0x00000] in <67f168408fbf4fce9c04342c093e9fe7>:0 
  at Vuforia.EditorClasses.ExtensionTypeProvider.ResolvePluginType () [0x00009] in <67f168408fbf4fce9c04342c093e9fe7>:0 
  at Vuforia.EditorClasses.ExtensionTypeProvider.GetPluginType () [0x0000c] in <67f168408fbf4fce9c04342c093e9fe7>:0 
  at Vuforia.EditorClasses.VuforiaUtilities.IsVuforiaEnabledInPlayerSettings () [0x00000] in <67f168408fbf4fce9c04342c093e9fe7>:0 
  at Vuforia.EditorClasses.InitializeOnLoadVuforiaTaskRunner..cctor () [0x00015] in <67f168408fbf4fce9c04342c093e9fe7>:0 
UnityEngine.StackTraceUtility:ExtractStackTrace ()
UnityEngine.DebugLogHandler:LogFormat (UnityEngine.LogType,UnityEngine.Object,string,object[])
UnityEngine.Logger:Log (UnityEngine.LogType,object)
UnityEngine.Debug:LogError (object)
UnityEditor.EditorAssemblies:ProcessInitializeOnLoadAttributes (System.Type[])

Mono: successfully reloaded assembly
- Completed reload, in  3.146 seconds
Domain Reload Profiling:
	ReloadAssembly (3148ms)
		BeginReloadAssembly (177ms)
			ExecutionOrderSort (0ms)
			DisableScriptedObjects (5ms)
			BackupInstance (0ms)
			ReleaseScriptingObjects (0ms)
			CreateAndSetChildDomain (25ms)
		EndReloadAssembly (2886ms)
			LoadAssemblies (136ms)
			RebuildTransferFunctionScriptingTraits (0ms)
			SetupTypeCache (455ms)
			ReleaseScriptCaches (1ms)
			RebuildScriptCaches (93ms)
			SetupLoadedEditorAssemblies (2014ms)
				LogAssemblyErrors (0ms)
				InitializePlatformSupportModulesInManaged (5ms)
				SetLoadedEditorAssemblies (0ms)
				RefreshPlugins (100ms)
				BeforeProcessingInitializeOnLoad (233ms)
				ProcessInitializeOnLoadAttributes (1198ms)
				ProcessInitializeOnLoadMethodAttributes (471ms)
				AfterProcessingInitializeOnLoad (7ms)
				EditorAssembliesLoaded (0ms)
			ExecutionOrderSort2 (0ms)
			AwakeInstancesAfterBackupRestoration (8ms)
Platform modules already initialized, skipping
========================================================================
Worker process is ready to serve import requests
Launched and connected shader compiler UnityShaderCompiler.exe after 0.10 seconds
Refreshing native plugins compatible for Editor in 2.02 ms, found 12 plugins.
Preloading 4 native plugins for Editor in 0.42 ms.
Unloading 3842 Unused Serialized files (Serialized files now loaded: 0)
System memory in use before: 152.2 MB.
System memory in use after: 152.1 MB.

Unloading 144 unused Assets to reduce memory usage. Loaded Objects now: 4480.
Total: 11.655800 ms (FindLiveObjects: 0.603400 ms CreateObjectMapping: 0.459200 ms MarkObjects: 10.308600 ms  DeleteObjects: 0.282500 ms)

AssetImportParameters requested are different than current active one (requested -> active):
  custom:framework-win-MediaFoundation: 216162199b28c13a410421893ffa2e32 -> 
  custom:video-decoder-ogg-theora: a1e56fd34408186e4bbccfd4996cb3dc -> 
  custom:container-muxer-webm: aa71ff27fc2769a1b78a27578f13a17b -> 
  custom:container-demuxer-webm: 4f35f7cbe854078d1ac9338744f61a02 -> 
  custom:container-demuxer-ogg: 62fdf1f143b41e24485cea50d1cbac27 -> 
  custom:video-encoder-webm-vp8: eb34c28f22e8b96e1ab97ce403110664 -> 
  custom:video-decoder-webm-vp8: 9c59270c3fd7afecdb556c50c9e8de78 -> 
  custom:audio-decoder-ogg-vorbis: bf7c407c2cedff20999df2af8eb42d56 -> 
  custom:audio-encoder-webm-vorbis: bf7c407c2cedff20999df2af8eb42d56 -> 
========================================================================
Received Import Request.
  path: Assets/AR-Instructions/Prefabs
  artifactKey: Guid(3206b904d56794a498a1bb775a268b7e) Importer(815301076,1909f56bfc062723c751e8b465ee728b)
Start importing Assets/AR-Instructions/Prefabs using Guid(3206b904d56794a498a1bb775a268b7e) Importer(815301076,1909f56bfc062723c751e8b465ee728b)  -> (artifact id: '0c07f06ed8b8a803bf72dd07572d3b3f') in 0.015096 seconds 
  Import took 0.023541 seconds .

========================================================================
Received Import Request.
  Time since last request: 0.000283 seconds.
  path: Assets/AR-Instructions/Prefabs/Main Panel.prefab
  artifactKey: Guid(a6acc8dade8f448468886e50b3248368) Importer(815301076,1909f56bfc062723c751e8b465ee728b)
Start importing Assets/AR-Instructions/Prefabs/Main Panel.prefab using Guid(a6acc8dade8f448468886e50b3248368) Importer(815301076,1909f56bfc062723c751e8b465ee728b)  -> (artifact id: '7386fa5a07aac04d7845f71e270a295b') in 0.349092 seconds 
  Import took 0.363122 seconds .

========================================================================
Received Import Request.
  Time since last request: 86.352645 seconds.
  path: Assets/AR-Instructions/Prefabs/FootMenu.prefab
  artifactKey: Guid(8393ff675d5d1634fbfc2082e3c13b66) Importer(815301076,1909f56bfc062723c751e8b465ee728b)
Start importing Assets/AR-Instructions/Prefabs/FootMenu.prefab using Guid(8393ff675d5d1634fbfc2082e3c13b66) Importer(815301076,1909f56bfc062723c751e8b465ee728b)  -> (artifact id: '64a4abd4747b798dc5774abd5a44842e') in 0.077007 seconds 
  Import took 0.087105 seconds .

========================================================================
Received Import Request.
  Time since last request: 15.606013 seconds.
  path: Assets/AR-Instructions/Prefabs/InstructionMenu.prefab
  artifactKey: Guid(8c413a61b08edfe4d85cb052eecf42ba) Importer(815301076,1909f56bfc062723c751e8b465ee728b)
Start importing Assets/AR-Instructions/Prefabs/InstructionMenu.prefab using Guid(8c413a61b08edfe4d85cb052eecf42ba) Importer(815301076,1909f56bfc062723c751e8b465ee728b)  -> (artifact id: '20e45d0942012932b3bf276e9b1714ed') in 0.181822 seconds 
  Import took 0.194467 seconds .

========================================================================
Received Import Request.
  Time since last request: 55.496002 seconds.
  path: Assets/AR-Instructions/Prefabs/InstructionMenu.prefab
  artifactKey: Guid(8c413a61b08edfe4d85cb052eecf42ba) Importer(815301076,1909f56bfc062723c751e8b465ee728b)
Start importing Assets/AR-Instructions/Prefabs/InstructionMenu.prefab using Guid(8c413a61b08edfe4d85cb052eecf42ba) Importer(815301076,1909f56bfc062723c751e8b465ee728b)  -> (artifact id: '80cf15abf2921fcffb7bb00cd463a9dc') in 0.159073 seconds 
  Import took 0.171395 seconds .

========================================================================
Received Import Request.
  Time since last request: 11.359818 seconds.
  path: Assets/AR-Instructions/Prefabs/SelectMenu.prefab
  artifactKey: Guid(6f2ae659b4710cc4980fe87ea9f0eec0) Importer(815301076,1909f56bfc062723c751e8b465ee728b)
Start importing Assets/AR-Instructions/Prefabs/SelectMenu.prefab using Guid(6f2ae659b4710cc4980fe87ea9f0eec0) Importer(815301076,1909f56bfc062723c751e8b465ee728b)  -> (artifact id: '9e9c0fd8bc32c33f601a8fb67361ba1e') in 0.155160 seconds 
  Import took 0.167548 seconds .

========================================================================
Received Import Request.
  Time since last request: 36.776891 seconds.
  path: Assets/AR-Instructions/Prefabs/FittingTextFieldWithBackground.prefab
  artifactKey: Guid(d4b13765e13706b4c89fd5161fdfc2fe) Importer(815301076,1909f56bfc062723c751e8b465ee728b)
Start importing Assets/AR-Instructions/Prefabs/FittingTextFieldWithBackground.prefab using Guid(d4b13765e13706b4c89fd5161fdfc2fe) Importer(815301076,1909f56bfc062723c751e8b465ee728b)  -> (artifact id: 'd44757efc3943de5fad76ab25a9ed453') in 0.023890 seconds 
  Import took 0.031019 seconds .

========================================================================
Received Import Request.
  Time since last request: 4.612939 seconds.
  path: Assets/AR-Instructions/Prefabs/FixedMovementHandler.prefab
  artifactKey: Guid(cdf002702c5b71d47b6c97be3a79e130) Importer(815301076,1909f56bfc062723c751e8b465ee728b)
Start importing Assets/AR-Instructions/Prefabs/FixedMovementHandler.prefab using Guid(cdf002702c5b71d47b6c97be3a79e130) Importer(815301076,1909f56bfc062723c751e8b465ee728b)  -> (artifact id: '4ee054ee878d8ae1b4531f652261e3db') in 0.019597 seconds 
  Import took 0.026481 seconds .

========================================================================
Received Import Request.
  Time since last request: 1.990032 seconds.
  path: Assets/AR-Instructions/Prefabs/Item Panel.prefab
  artifactKey: Guid(9e93e52e607413842be664778558fcad) Importer(815301076,1909f56bfc062723c751e8b465ee728b)
Start importing Assets/AR-Instructions/Prefabs/Item Panel.prefab using Guid(9e93e52e607413842be664778558fcad) Importer(815301076,1909f56bfc062723c751e8b465ee728b)  -> (artifact id: '32476bbc4560ee918ffb78de9db55a02') in 0.111634 seconds 
  Import took 0.121907 seconds .

========================================================================
Received Import Request.
  Time since last request: 848.630942 seconds.
  path: Assets/UpdateSize.cs
  artifactKey: Guid(f0cb43c08f0b7cc40bd092640e15b97a) Importer(815301076,1909f56bfc062723c751e8b465ee728b)
Start importing Assets/UpdateSize.cs using Guid(f0cb43c08f0b7cc40bd092640e15b97a) Importer(815301076,1909f56bfc062723c751e8b465ee728b)  -> (artifact id: 'da45dec487a95c3e4533e5adb9f879ae') in 0.014358 seconds 
  Import took 0.021785 seconds .

========================================================================
Received Import Request.
  Time since last request: 4.305085 seconds.
  path: Assets/OffsetSetterController.cs
  artifactKey: Guid(3cfbd793c5c1ae44dabb0cf56fb523bd) Importer(815301076,1909f56bfc062723c751e8b465ee728b)
Start importing Assets/OffsetSetterController.cs using Guid(3cfbd793c5c1ae44dabb0cf56fb523bd) Importer(815301076,1909f56bfc062723c751e8b465ee728b)  -> (artifact id: '3c1e1ad85079fc3ce4c538dd173cb0bc') in 0.006200 seconds 
  Import took 0.013099 seconds .

========================================================================
Received Import Request.
  Time since last request: 1.076409 seconds.
  path: Assets/MoveParent.cs
  artifactKey: Guid(4b655fbb7c68d384ca04463604500086) Importer(815301076,1909f56bfc062723c751e8b465ee728b)
Start importing Assets/MoveParent.cs using Guid(4b655fbb7c68d384ca04463604500086) Importer(815301076,1909f56bfc062723c751e8b465ee728b)  -> (artifact id: '1a60f3ba52acdb355f7a4735a0395966') in 0.006801 seconds 
  Import took 0.013347 seconds .

========================================================================
Received Import Request.
  Time since last request: 0.345789 seconds.
  path: Assets/MenuItemController.cs
  artifactKey: Guid(6d38686c8ed25dd4b96661a618eaa90f) Importer(815301076,1909f56bfc062723c751e8b465ee728b)
Start importing Assets/MenuItemController.cs using Guid(6d38686c8ed25dd4b96661a618eaa90f) Importer(815301076,1909f56bfc062723c751e8b465ee728b)  -> (artifact id: 'cf25c493e54785a7a75c7d115763f727') in 0.006500 seconds 
  Import took 0.013276 seconds .

========================================================================
Received Prepare
Registering precompiled user dll's ...
Registered in 0.015827 seconds.
Begin MonoManager ReloadAssembly
Native extension for WindowsStandalone target not found
Refreshing native plugins compatible for Editor in 1.66 ms, found 12 plugins.
Preloading 4 native plugins for Editor in 0.23 ms.
System.NullReferenceException: Object reference not set to an instance of an object
  at Vuforia.EditorClasses.ExtensionTypeProvider.GetVuforiaPackageAbsPath () [0x0004a] in <67f168408fbf4fce9c04342c093e9fe7>:0 
  at Vuforia.EditorClasses.ExtensionTypeProvider.IsPackageManager () [0x00000] in <67f168408fbf4fce9c04342c093e9fe7>:0 
  at Vuforia.EditorClasses.ExtensionTypeProvider.ResolvePluginType () [0x00009] in <67f168408fbf4fce9c04342c093e9fe7>:0 
  at Vuforia.EditorClasses.ExtensionTypeProvider.GetPluginType () [0x0000c] in <67f168408fbf4fce9c04342c093e9fe7>:0 
  at Vuforia.EditorClasses.VuforiaUtilities.IsVuforiaEnabledInPlayerSettings () [0x00000] in <67f168408fbf4fce9c04342c093e9fe7>:0 
  at VuforiaEnabledObserver..cctor () [0x00000] in <67f168408fbf4fce9c04342c093e9fe7>:0 
UnityEngine.StackTraceUtility:ExtractStackTrace ()
UnityEngine.DebugLogHandler:LogFormat (UnityEngine.LogType,UnityEngine.Object,string,object[])
UnityEngine.Logger:Log (UnityEngine.LogType,object)
UnityEngine.Debug:LogError (object)
UnityEditor.EditorAssemblies:ProcessInitializeOnLoadAttributes (System.Type[])

System.NullReferenceException: Object reference not set to an instance of an object
  at Vuforia.EditorClasses.ExtensionTypeProvider.GetVuforiaPackageAbsPath () [0x0004a] in <67f168408fbf4fce9c04342c093e9fe7>:0 
  at Vuforia.EditorClasses.ExtensionTypeProvider.IsPackageManager () [0x00000] in <67f168408fbf4fce9c04342c093e9fe7>:0 
  at Vuforia.EditorClasses.ExtensionTypeProvider.ResolvePluginType () [0x00009] in <67f168408fbf4fce9c04342c093e9fe7>:0 
  at Vuforia.EditorClasses.ExtensionTypeProvider.GetPluginType () [0x0000c] in <67f168408fbf4fce9c04342c093e9fe7>:0 
  at Vuforia.EditorClasses.VuforiaUtilities.IsVuforiaEnabledInPlayerSettings () [0x00000] in <67f168408fbf4fce9c04342c093e9fe7>:0 
  at Vuforia.EditorClasses.InitializeOnLoadVuforiaTaskRunner..cctor () [0x00015] in <67f168408fbf4fce9c04342c093e9fe7>:0 
UnityEngine.StackTraceUtility:ExtractStackTrace ()
UnityEngine.DebugLogHandler:LogFormat (UnityEngine.LogType,UnityEngine.Object,string,object[])
UnityEngine.Logger:Log (UnityEngine.LogType,object)
UnityEngine.Debug:LogError (object)
UnityEditor.EditorAssemblies:ProcessInitializeOnLoadAttributes (System.Type[])

Error when attempting to update scene info fields. Scene info data may be stale.
UnityEngine.StackTraceUtility:ExtractStackTrace ()
UnityEngine.DebugLogHandler:LogFormat (UnityEngine.LogType,UnityEngine.Object,string,object[])
UnityEngine.Logger:Log (UnityEngine.LogType,object)
UnityEngine.Debug:LogWarning (object)
Microsoft.MixedReality.Toolkit.Editor.SceneInfoUtils:RefreshSceneInfoFieldsInScriptableObjects () (at Library/PackageCache/com.microsoft.mixedreality.toolkit.foundation@132b71df1001-1634912807686/Core/Inspectors/PropertyDrawers/SceneInfoUtils.cs:313)
Microsoft.MixedReality.Toolkit.Editor.SceneInfoUtils:InitializeOnLoad () (at Library/PackageCache/com.microsoft.mixedreality.toolkit.foundation@132b71df1001-1634912807686/Core/Inspectors/PropertyDrawers/SceneInfoUtils.cs:231)
System.Reflection.MonoMethod:Invoke (object,System.Reflection.BindingFlags,System.Reflection.Binder,object[],System.Globalization.CultureInfo)
System.Reflection.MethodBase:Invoke (object,object[])
UnityEditor.EditorAssemblies:ProcessInitializeOnLoadMethodAttributes ()

(Filename: Library/PackageCache/com.microsoft.mixedreality.toolkit.foundation@132b71df1001-1634912807686/Core/Inspectors/PropertyDrawers/SceneInfoUtils.cs Line: 313)

Mono: successfully reloaded assembly
- Completed reload, in  2.294 seconds
Domain Reload Profiling:
	ReloadAssembly (2294ms)
		BeginReloadAssembly (186ms)
			ExecutionOrderSort (0ms)
			DisableScriptedObjects (6ms)
			BackupInstance (0ms)
			ReleaseScriptingObjects (0ms)
			CreateAndSetChildDomain (68ms)
		EndReloadAssembly (2029ms)
			LoadAssemblies (166ms)
			RebuildTransferFunctionScriptingTraits (0ms)
			SetupTypeCache (417ms)
			ReleaseScriptCaches (2ms)
			RebuildScriptCaches (62ms)
			SetupLoadedEditorAssemblies (1215ms)
				LogAssemblyErrors (0ms)
				InitializePlatformSupportModulesInManaged (4ms)
				SetLoadedEditorAssemblies (0ms)
				RefreshPlugins (2ms)
				BeforeProcessingInitializeOnLoad (186ms)
				ProcessInitializeOnLoadAttributes (722ms)
				ProcessInitializeOnLoadMethodAttributes (295ms)
				AfterProcessingInitializeOnLoad (5ms)
				EditorAssembliesLoaded (0ms)
			ExecutionOrderSort2 (0ms)
			AwakeInstancesAfterBackupRestoration (9ms)
Platform modules already initialized, skipping
Switching build target platform(19) subTarget(0) extendedPlatform(0) -> platform(21) subTarget(3) extendedPlatform(0)
Refreshing native plugins compatible for Editor in 1.72 ms, found 12 plugins.
Preloading 4 native plugins for Editor in 0.22 ms.
Unloading 3778 Unused Serialized files (Serialized files now loaded: 0)
System memory in use before: 153.6 MB.
System memory in use after: 153.5 MB.

Unloading 130 unused Assets to reduce memory usage. Loaded Objects now: 4494.
Total: 6.304900 ms (FindLiveObjects: 0.369300 ms CreateObjectMapping: 0.229200 ms MarkObjects: 5.561600 ms  DeleteObjects: 0.143200 ms)

AssetImportParameters requested are different than current active one (requested -> active):
  custom:framework-win-MediaFoundation: 216162199b28c13a410421893ffa2e32 -> 
  custom:video-decoder-ogg-theora: a1e56fd34408186e4bbccfd4996cb3dc -> 
  custom:container-muxer-webm: aa71ff27fc2769a1b78a27578f13a17b -> 
  custom:container-demuxer-webm: 4f35f7cbe854078d1ac9338744f61a02 -> 
  custom:container-demuxer-ogg: 62fdf1f143b41e24485cea50d1cbac27 -> 
  custom:video-encoder-webm-vp8: eb34c28f22e8b96e1ab97ce403110664 -> 
  custom:video-decoder-webm-vp8: 9c59270c3fd7afecdb556c50c9e8de78 -> 
  custom:audio-decoder-ogg-vorbis: bf7c407c2cedff20999df2af8eb42d56 -> 
  custom:audio-encoder-webm-vorbis: bf7c407c2cedff20999df2af8eb42d56 -> 
AssetImportWorkerClient::OnTransportError - code=2 error=End of file
